[    0.000000] Linux version 4.15.0-70-generic (buildd@lgw01-amd64-055) (gcc version 7.4.0 (Ubuntu 7.4.0-1ubuntu1~18.04.1)) #79-Ubuntu SMP Tue Nov 12 10:36:11 UTC 2019 (Ubuntu 4.15.0-70.79-generic 4.15.18)
[    0.000000] Command line: BOOT_IMAGE=/boot/vmlinuz-4.15.0-70-generic root=LABEL=cloudimg-rootfs ro console=tty1 console=ttyS0
[    0.000000] KERNEL supported cpus:
[    0.000000]   Intel GenuineIntel
[    0.000000]   AMD AuthenticAMD
[    0.000000]   Centaur CentaurHauls
[    0.000000] x86/fpu: Supporting XSAVE feature 0x001: 'x87 floating point registers'
[    0.000000] x86/fpu: Supporting XSAVE feature 0x002: 'SSE registers'
[    0.000000] x86/fpu: Supporting XSAVE feature 0x004: 'AVX registers'
[    0.000000] x86/fpu: xstate_offset[2]:  576, xstate_sizes[2]:  256
[    0.000000] x86/fpu: Enabled xstate features 0x7, context size is 832 bytes, using 'standard' format.
[    0.000000] e820: BIOS-provided physical RAM map:
[    0.000000] BIOS-e820: [mem 0x0000000000000000-0x000000000009fbff] usable
[    0.000000] BIOS-e820: [mem 0x000000000009fc00-0x000000000009ffff] reserved
[    0.000000] BIOS-e820: [mem 0x00000000000f0000-0x00000000000fffff] reserved
[    0.000000] BIOS-e820: [mem 0x0000000000100000-0x000000003ffeffff] usable
[    0.000000] BIOS-e820: [mem 0x000000003fff0000-0x000000003fffffff] ACPI data
[    0.000000] BIOS-e820: [mem 0x00000000fec00000-0x00000000fec00fff] reserved
[    0.000000] BIOS-e820: [mem 0x00000000fee00000-0x00000000fee00fff] reserved
[    0.000000] BIOS-e820: [mem 0x00000000fffc0000-0x00000000ffffffff] reserved
[    0.000000] NX (Execute Disable) protection: active
[    0.000000] SMBIOS 2.5 present.
[    0.000000] DMI: innotek GmbH VirtualBox/VirtualBox, BIOS VirtualBox 12/01/2006
[    0.000000] Hypervisor detected: KVM
[    0.000000] e820: last_pfn = 0x3fff0 max_arch_pfn = 0x400000000
[    0.000000] MTRR: Disabled
[    0.000000] x86/PAT: MTRRs disabled, skipping PAT initialization too.
[    0.000000] CPU MTRRs all blank - virtualized system.
[    0.000000] x86/PAT: Configuration [0-7]: WB  WT  UC- UC  WB  WT  UC- UC  
[    0.000000] found SMP MP-table at [mem 0x0009fff0-0x0009ffff]
[    0.000000] Scanning 1 areas for low memory corruption
[    0.000000] RAMDISK: [mem 0x35a89000-0x36d3bfff]
[    0.000000] ACPI: Early table checksum verification disabled
[    0.000000] ACPI: RSDP 0x00000000000E0000 000024 (v02 VBOX  )
[    0.000000] ACPI: XSDT 0x000000003FFF0030 00003C (v01 VBOX   VBOXXSDT 00000001 ASL  00000061)
[    0.000000] ACPI: FACP 0x000000003FFF00F0 0000F4 (v04 VBOX   VBOXFACP 00000001 ASL  00000061)
[    0.000000] ACPI: DSDT 0x000000003FFF0470 0022EA (v02 VBOX   VBOXBIOS 00000002 INTL 20100528)
[    0.000000] ACPI: FACS 0x000000003FFF0200 000040
[    0.000000] ACPI: FACS 0x000000003FFF0200 000040
[    0.000000] ACPI: APIC 0x000000003FFF0240 00005C (v02 VBOX   VBOXAPIC 00000001 ASL  00000061)
[    0.000000] ACPI: SSDT 0x000000003FFF02A0 0001CC (v01 VBOX   VBOXCPUT 00000002 INTL 20100528)
[    0.000000] No NUMA configuration found
[    0.000000] Faking a node at [mem 0x0000000000000000-0x000000003ffeffff]
[    0.000000] NODE_DATA(0) allocated [mem 0x3ffc5000-0x3ffeffff]
[    0.000000] kvm-clock: cpu 0, msr 0:3ff44001, primary cpu clock
[    0.000000] kvm-clock: Using msrs 4b564d01 and 4b564d00
[    0.000000] kvm-clock: using sched offset of 3900697734 cycles
[    0.000000] clocksource: kvm-clock: mask: 0xffffffffffffffff max_cycles: 0x1cd42e4dffb, max_idle_ns: 881590591483 ns
[    0.000000] Zone ranges:
[    0.000000]   DMA      [mem 0x0000000000001000-0x0000000000ffffff]
[    0.000000]   DMA32    [mem 0x0000000001000000-0x000000003ffeffff]
[    0.000000]   Normal   empty
[    0.000000]   Device   empty
[    0.000000] Movable zone start for each node
[    0.000000] Early memory node ranges
[    0.000000]   node   0: [mem 0x0000000000001000-0x000000000009efff]
[    0.000000]   node   0: [mem 0x0000000000100000-0x000000003ffeffff]
[    0.000000] Reserved but unavailable: 98 pages
[    0.000000] Initmem setup node 0 [mem 0x0000000000001000-0x000000003ffeffff]
[    0.000000] ACPI: PM-Timer IO Port: 0x4008
[    0.000000] IOAPIC[0]: apic_id 2, version 32, address 0xfec00000, GSI 0-23
[    0.000000] ACPI: INT_SRC_OVR (bus 0 bus_irq 0 global_irq 2 dfl dfl)
[    0.000000] ACPI: INT_SRC_OVR (bus 0 bus_irq 9 global_irq 9 low level)
[    0.000000] Using ACPI (MADT) for SMP configuration information
[    0.000000] smpboot: Allowing 2 CPUs, 0 hotplug CPUs
[    0.000000] PM: Registered nosave memory: [mem 0x00000000-0x00000fff]
[    0.000000] PM: Registered nosave memory: [mem 0x0009f000-0x0009ffff]
[    0.000000] PM: Registered nosave memory: [mem 0x000a0000-0x000effff]
[    0.000000] PM: Registered nosave memory: [mem 0x000f0000-0x000fffff]
[    0.000000] e820: [mem 0x40000000-0xfebfffff] available for PCI devices
[    0.000000] Booting paravirtualized kernel on KVM
[    0.000000] clocksource: refined-jiffies: mask: 0xffffffff max_cycles: 0xffffffff, max_idle_ns: 7645519600211568 ns
[    0.000000] random: get_random_bytes called from start_kernel+0x99/0x4fd with crng_init=0
[    0.000000] setup_percpu: NR_CPUS:8192 nr_cpumask_bits:2 nr_cpu_ids:2 nr_node_ids:1
[    0.000000] percpu: Embedded 45 pages/cpu s147456 r8192 d28672 u1048576
[    0.000000] PV qspinlock hash table entries: 256 (order: 0, 4096 bytes)
[    0.000000] Built 1 zonelists, mobility grouping on.  Total pages: 257913
[    0.000000] Policy zone: DMA32
[    0.000000] Kernel command line: BOOT_IMAGE=/boot/vmlinuz-4.15.0-70-generic root=LABEL=cloudimg-rootfs ro console=tty1 console=ttyS0
[    0.000000] Memory: 983440K/1048120K available (12300K kernel code, 2481K rwdata, 4264K rodata, 2432K init, 2388K bss, 64680K reserved, 0K cma-reserved)
[    0.000000] SLUB: HWalign=64, Order=0-3, MinObjects=0, CPUs=2, Nodes=1
[    0.000000] Kernel/User page tables isolation: enabled
[    0.000000] ftrace: allocating 39315 entries in 154 pages
[    0.004000] Hierarchical RCU implementation.
[    0.004000] 	RCU restricting CPUs from NR_CPUS=8192 to nr_cpu_ids=2.
[    0.004000] 	Tasks RCU enabled.
[    0.004000] RCU: Adjusting geometry for rcu_fanout_leaf=16, nr_cpu_ids=2
[    0.004000] NR_IRQS: 524544, nr_irqs: 440, preallocated irqs: 16
[    0.004000] Console: colour VGA+ 80x25
[    0.004000] console [tty1] enabled
[    0.004000] console [ttyS0] enabled
[    0.004000] ACPI: Core revision 20170831
[    0.004000] ACPI: 2 ACPI AML tables successfully acquired and loaded
[    0.004000] APIC: Switch to symmetric I/O mode setup
[    0.004000] x2apic enabled
[    0.004000] Switched APIC routing to physical x2apic.
[    0.004000] ..TIMER: vector=0x30 apic1=0 pin1=2 apic2=-1 pin2=-1
[    0.004004] tsc: Detected 2303.998 MHz processor
[    0.004808] Calibrating delay loop (skipped) preset value.. 4607.99 BogoMIPS (lpj=9215992)
[    0.005429] pid_max: default: 32768 minimum: 301
[    0.008034] Security Framework initialized
[    0.008818] Yama: becoming mindful.
[    0.009799] AppArmor: AppArmor initialized
[    0.012045] Dentry cache hash table entries: 131072 (order: 8, 1048576 bytes)
[    0.016061] Inode-cache hash table entries: 65536 (order: 7, 524288 bytes)
[    0.017902] Mount-cache hash table entries: 2048 (order: 2, 16384 bytes)
[    0.020009] Mountpoint-cache hash table entries: 2048 (order: 2, 16384 bytes)
[    0.021565] Last level iTLB entries: 4KB 64, 2MB 8, 4MB 8
[    0.024002] Last level dTLB entries: 4KB 64, 2MB 0, 4MB 0, 1GB 4
[    0.025296] Spectre V1 : Mitigation: usercopy/swapgs barriers and __user pointer sanitization
[    0.027108] Spectre V2 : Mitigation: Full generic retpoline
[    0.028002] Spectre V2 : Spectre v2 / SpectreRSB mitigation: Filling RSB on context switch
[    0.029467] Speculative Store Bypass: Vulnerable
[    0.030327] MDS: Mitigation: Clear CPU buffers
[    0.032148] Freeing SMP alternatives memory: 36K
[    0.142806] smpboot: CPU0: Intel(R) Core(TM) i5-8259U CPU @ 2.30GHz (family: 0x6, model: 0x8e, stepping: 0xa)
[    0.144000] Performance Events: unsupported p6 CPU model 142 no PMU driver, software events only.
[    0.144036] Hierarchical SRCU implementation.
[    0.145359] NMI watchdog: Perf event create on CPU 0 failed with -2
[    0.148001] NMI watchdog: Perf NMI watchdog permanently disabled
[    0.149077] smp: Bringing up secondary CPUs ...
[    0.149939] x86: Booting SMP configuration:
[    0.150693] .... node  #0, CPUs:      #1
[    0.004000] kvm-clock: cpu 1, msr 0:3ff44041, secondary cpu clock
[    0.154898] smp: Brought up 1 node, 2 CPUs
[    0.154898] smpboot: Max logical packages: 1
[    0.156004] smpboot: Total of 2 processors activated (9215.99 BogoMIPS)
[    0.157274] devtmpfs: initialized
[    0.157274] x86/mm: Memory block size: 128MB
[    0.157632] evm: security.selinux
[    0.160003] evm: security.SMACK64
[    0.160619] evm: security.SMACK64EXEC
[    0.161273] evm: security.SMACK64TRANSMUTE
[    0.161997] evm: security.SMACK64MMAP
[    0.162646] evm: security.apparmor
[    0.163283] evm: security.ima
[    0.163850] evm: security.capability
[    0.164093] clocksource: jiffies: mask: 0xffffffff max_cycles: 0xffffffff, max_idle_ns: 7645041785100000 ns
[    0.165800] futex hash table entries: 512 (order: 3, 32768 bytes)
[    0.168000] pinctrl core: initialized pinctrl subsystem
[    0.168094] RTC time:  9:10:49, date: 12/04/19
[    0.172117] NET: Registered protocol family 16
[    0.172953] audit: initializing netlink subsys (disabled)
[    0.173998] audit: type=2000 audit(1575450654.180:1): state=initialized audit_enabled=0 res=1
[    0.176015] cpuidle: using governor ladder
[    0.176759] cpuidle: using governor menu
[    0.177537] ACPI: bus type PCI registered
[    0.178252] acpiphp: ACPI Hot Plug PCI Controller Driver version: 0.5
[    0.179448] PCI: Using configuration type 1 for base access
[    0.180773] HugeTLB registered 2.00 MiB page size, pre-allocated 0 pages
[    0.181278] ACPI: Added _OSI(Module Device)
[    0.181278] ACPI: Added _OSI(Processor Device)
[    0.184006] ACPI: Added _OSI(3.0 _SCP Extensions)
[    0.184827] ACPI: Added _OSI(Processor Aggregator Device)
[    0.185750] ACPI: Added _OSI(Linux-Dell-Video)
[    0.188008] ACPI: Added _OSI(Linux-Lenovo-NV-HDMI-Audio)
[    0.189152] ACPI: Added _OSI(Linux-HPI-Hybrid-Graphics)
[    0.190660] ACPI: Executed 1 blocks of module-level executable AML code
[    0.194813] ACPI: Interpreter enabled
[    0.196014] ACPI: (supports S0 S5)
[    0.196712] ACPI: Using IOAPIC for interrupt routing
[    0.197862] PCI: Using host bridge windows from ACPI; if necessary, use "pci=nocrs" and report a bug
[    0.200180] ACPI: Enabled 2 GPEs in block 00 to 07
[    0.206732] ACPI: PCI Root Bridge [PCI0] (domain 0000 [bus 00-ff])
[    0.208008] acpi PNP0A03:00: _OSC: OS supports [ASPM ClockPM Segments MSI]
[    0.209637] acpi PNP0A03:00: _OSC: not requesting OS control; OS requires [ExtendedConfig ASPM ClockPM MSI]
[    0.211880] acpi PNP0A03:00: fail to add MMCONFIG information, can't access extended PCI configuration space under this bridge.
[    0.212374] PCI host bridge to bus 0000:00
[    0.213115] pci_bus 0000:00: root bus resource [io  0x0000-0x0cf7 window]
[    0.216004] pci_bus 0000:00: root bus resource [io  0x0d00-0xffff window]
[    0.217273] pci_bus 0000:00: root bus resource [mem 0x000a0000-0x000bffff window]
[    0.220006] pci_bus 0000:00: root bus resource [mem 0x40000000-0xfdffffff window]
[    0.221384] pci_bus 0000:00: root bus resource [bus 00-ff]
[    0.226087] pci 0000:00:01.1: legacy IDE quirk: reg 0x10: [io  0x01f0-0x01f7]
[    0.227649] pci 0000:00:01.1: legacy IDE quirk: reg 0x14: [io  0x03f6]
[    0.228004] pci 0000:00:01.1: legacy IDE quirk: reg 0x18: [io  0x0170-0x0177]
[    0.229245] pci 0000:00:01.1: legacy IDE quirk: reg 0x1c: [io  0x0376]
[    0.244344] pci 0000:00:07.0: quirk: [io  0x4000-0x403f] claimed by PIIX4 ACPI
[    0.245637] pci 0000:00:07.0: quirk: [io  0x4100-0x410f] claimed by PIIX4 SMB
[    0.256430] ACPI: PCI Interrupt Link [LNKA] (IRQs 5 9 10 *11)
[    0.257819] ACPI: PCI Interrupt Link [LNKB] (IRQs 5 9 *10 11)
[    0.258954] ACPI: PCI Interrupt Link [LNKC] (IRQs 5 *9 10 11)
[    0.260114] ACPI: PCI Interrupt Link [LNKD] (IRQs 5 9 10 *11)
[    0.261510] SCSI subsystem initialized
[    0.262237] pci 0000:00:02.0: vgaarb: setting as boot VGA device
[    0.262237] pci 0000:00:02.0: vgaarb: VGA device added: decodes=io+mem,owns=io+mem,locks=none
[    0.264037] pci 0000:00:02.0: vgaarb: bridge control possible
[    0.265716] vgaarb: loaded
[    0.268057] ACPI: bus type USB registered
[    0.268997] usbcore: registered new interface driver usbfs
[    0.270237] usbcore: registered new interface driver hub
[    0.271594] usbcore: registered new device driver usb
[    0.272068] EDAC MC: Ver: 3.0.0
[    0.272982] PCI: Using ACPI for IRQ routing
[    0.273069] NetLabel: Initializing
[    0.276002] NetLabel:  domain hash size = 128
[    0.276884] NetLabel:  protocols = UNLABELED CIPSOv4 CALIPSO
[    0.277867] NetLabel:  unlabeled traffic allowed by default
[    0.280085] clocksource: Switched to clocksource kvm-clock
[    0.295972] VFS: Disk quotas dquot_6.6.0
[    0.297226] VFS: Dquot-cache hash table entries: 512 (order 0, 4096 bytes)
[    0.298651] AppArmor: AppArmor Filesystem Enabled
[    0.299686] pnp: PnP ACPI init
[    0.301815] pnp: PnP ACPI: found 3 devices
[    0.313008] clocksource: acpi_pm: mask: 0xffffff max_cycles: 0xffffff, max_idle_ns: 2085701024 ns
[    0.314757] NET: Registered protocol family 2
[    0.315716] TCP established hash table entries: 8192 (order: 4, 65536 bytes)
[    0.318041] TCP bind hash table entries: 8192 (order: 5, 131072 bytes)
[    0.321707] TCP: Hash tables configured (established 8192 bind 8192)
[    0.322964] UDP hash table entries: 512 (order: 2, 16384 bytes)
[    0.323987] UDP-Lite hash table entries: 512 (order: 2, 16384 bytes)
[    0.325125] NET: Registered protocol family 1
[    0.325903] pci 0000:00:00.0: Limiting direct PCI/PCI transfers
[    0.327114] pci 0000:00:01.0: Activating ISA DMA hang workarounds
[    0.328255] pci 0000:00:02.0: Video device with shadowed ROM at [mem 0x000c0000-0x000dffff]
[    0.329809] Unpacking initramfs...
[    0.633173] Freeing initrd memory: 19148K
[    0.634468] clocksource: tsc: mask: 0xffffffffffffffff max_cycles: 0x2135f5e6f15, max_idle_ns: 440795231538 ns
[    0.636348] platform rtc_cmos: registered platform RTC device (no PNP device found)
[    0.637843] Scanning for low memory corruption every 60 seconds
[    0.639529] Initialise system trusted keyrings
[    0.640517] Key type blacklist registered
[    0.641318] workingset: timestamp_bits=36 max_order=18 bucket_order=0
[    0.643180] zbud: loaded
[    0.644102] squashfs: version 4.0 (2009/01/31) Phillip Lougher
[    0.645279] fuse init (API version 7.26)
[    0.647891] Key type asymmetric registered
[    0.648672] Asymmetric key parser 'x509' registered
[    0.649559] Block layer SCSI generic (bsg) driver version 0.4 loaded (major 246)
[    0.650967] io scheduler noop registered
[    0.651657] io scheduler deadline registered
[    0.652699] io scheduler cfq registered (default)
[    0.654047] ACPI: AC Adapter [AC] (on-line)
[    0.654870] input: Power Button as /devices/LNXSYSTM:00/LNXPWRBN:00/input/input0
[    0.656224] ACPI: Power Button [PWRF]
[    0.656946] input: Sleep Button as /devices/LNXSYSTM:00/LNXSLPBN:00/input/input1
[    0.658246] ACPI: Sleep Button [SLPF]
[    0.660247] Serial: 8250/16550 driver, 32 ports, IRQ sharing enabled
[    0.660323] ACPI: Battery Slot [BAT0] (battery present)
[    0.683126] 00:02: ttyS0 at I/O 0x3f8 (irq = 4, ase_baud = 115200) is a 16550A
[    0.687063] Linux agpgart interface v0.103
[    0.688784] loop: module loaded
[    0.689893] scsi host0: ata_piix
[    0.690885] scsi host1: ata_piix
[    0.691508] ata1: PATA max UDMA/33 cmd 0x1f0 ctl 0x3f6 bmdma 0xd000 irq 14
[    0.692710] ata2: PATA max UDMA/33 cmd 0x170 ctl 0x376 bmdma 0xd008 irq 15
[    0.694000] libphy: Fixed MDIO Bus: probed
[    0.694942] tun: Universal TUN/TAP device driver, 1.6
[    0.695893] PPP generic driver version 2.4.2
[    0.696748] ehci_hcd: USB 2.0 'Enhanced' Host Controller (EHCI) Driver
[    0.697862] ehci-pci: EHCI PCI platform driver
[    0.698654] ehci-platform: EHCI generic platform driver
[    0.699564] ohci_hcd: USB 1.1 'Open' Host Controller (OHCI) Driver
[    0.700669] ohci-pci: OHCI PCI platform driver
[    0.701472] ohci-platform: OHCI generic platform driver
[    0.702382] uhci_hcd: USB Universal Host Controller Interface driver
[    0.703510] i8042: PNP: PS/2 Controller [PNP0303:PS2K,PNP0f03:PS2M] at 0x60,0x64 irq 1,12
[    0.705523] serio: i8042 KBD port at 0x60,0x64 irq 1
[    0.706490] serio: i8042 AUX port at 0x60,0x64 irq 12
[    0.707597] mousedev: PS/2 mouse device common for all mice
[    0.709023] input: AT Translated Set 2 keyboard as /devices/platform/i8042/serio0/input/input2
[    0.710858] rtc_cmos rtc_cmos: rtc core: registered rtc_cmos as rtc0
[    0.711993] rtc_cmos rtc_cmos: alarms up to one day, 114 bytes nvram
[    0.713096] i2c /dev entries driver
[    0.713784] device-mapper: uevent: version 1.0.3
[    0.714644] device-mapper: ioctl: 4.37.0-ioctl (2017-09-20) initialised: dm-devel@redhat.com
[    0.716613] ledtrig-cpu: registered to indicate activity on CPUs
[    0.718120] NET: Registered protocol family 10
[    0.722328] Segment Routing with IPv6
[    0.723013] NET: Registered protocol family 17
[    0.723870] Key type dns_resolver registered
[    0.724875] mce: Using 0 MCE banks
[    0.725497] RAS: Correctable Errors collector initialized.
[    0.726463] sched_clock: Marking stable (724796340, 0)->(914117878, -189321538)
[    0.728248] registered taskstats version 1
[    0.729010] Loading compiled-in X.509 certificates
[    0.731891] Loaded X.509 cert 'Build time autogenerated kernel key: 1859b0531897959199376c446a0bd70df75fd1fc'
[    0.734509] zswap: loaded using pool lzo/zbud
[    0.738141] Key type big_key registered
[    0.739036] Key type trusted registered
[    0.741202] Key type encrypted registered
[    0.741982] AppArmor: AppArmor sha1 policy hashing enabled
[    0.742944] ima: No TPM chip found, activating TPM-bypass! (rc=-19)
[    0.744007] ima: Allocated hash algorithm: sha1
[    0.744843] evm: HMAC attrs: 0x1
[    0.745759]   Magic number: 15:904:170
[    0.746725] rtc_cmos rtc_cmos: setting system clock to 2019-12-04 09:10:49 UTC (1575450649)
[    0.748285] BIOS EDD facility v0.16 2004-Jun-25, 0 devices found
[    0.749374] EDD information not available.
[    0.859826] Freeing unused kernel image memory: 2432K
[    0.872489] Write protecting the kernel read-only data: 20480k
[    0.876863] Freeing unused kernel image memory: 2008K
[    0.878592] Freeing unused kernel image memory: 1880K
[    0.885321] x86/mm: Checked W+X mappings: passed, no W+X pages found.
[    0.887226] x86/mm: Checking user space page tables
[    0.893168] x86/mm: Checked W+X mappings: passed, no W+X pages found.
Loading, please wait...
starting version 237
[    0.947171] e1000: Intel(R) PRO/1000 Network Driver - version 7.3.21-k8-NAPI
[    0.949471] e1000: Copyright (c) 1999-2006 Intel Corporation.
[    0.957938] Fusion MPT base driver 3.04.20
[    0.958988] Copyright (c) 1999-2008 LSI Corporation
[    0.963904] Fusion MPT SPI Host driver 3.04.20
[    0.983573] AVX2 version of gcm_enc/dec engaged.
[    0.984618] AES CTR mode by8 optimization enabled
[    1.169442] input: ImExPS/2 Generic Explorer Mouse as /devices/platform/i8042/serio1/input/input4
[    1.354449] e1000 0000:00:03.0 eth0: (PCI:33MHz:32-bit) 02:83:96:c1:64:f9
[    1.356820] e1000 0000:00:03.0 eth0: Intel(R) PRO/1000 Network Connection
[    1.359079] mptbase: ioc0: Initiating bringup
[    1.453245] ioc0: LSI53C1030 A0: Capabilities={Initiator}
[    1.695317] scsi host2: ioc0: LSI53C1030 A0, FwRev=00000000h, Ports=1, MaxQ=256, IRQ=20
[    1.866291] scsi 2:0:0:0: Direct-Access     VBOX     HARDDISK         1.0  PQ: 0 ANSI: 5
[    1.900338] scsi target2:0:0: Beginning Domain Validation
[    1.914038] scsi target2:0:0: Domain Validation skipping write tests
[    1.916366] scsi target2:0:0: Ending Domain Validation
[    1.918042] scsi target2:0:0: asynchronous
[    1.933790] scsi 2:0:1:0: Direct-Access     VBOX     HARDDISK         1.0  PQ: 0 ANSI: 5
[    2.176012] scsi target2:0:1: Beginning Domain Validation
[    2.178811] random: fast init done
[    2.179613] scsi target2:0:1: Domain Validation skipping write tests
[    2.180776] scsi target2:0:1: Ending Domain Validation
[    2.181758] scsi target2:0:1: asynchronous
[    2.187017] sd 2:0:0:0: Attached scsi generic sg0 type 0
[    2.187157] sd 2:0:0:0: [sda] 20971520 512-byte logical blocks: (10.7 GB/10.0 GiB)
[    2.189421] random: systemd-udevd: uninitialized urandom read (16 bytes read)
[    2.190822] sd 2:0:0:0: [sda] Write Protect is off
[    2.190825] sd 2:0:1:0: Attached scsi generic sg1 type 0
[    2.193213] sd 2:0:0:0: [sda] Incomplete mode parameter data
[    2.194329] sd 2:0:0:0: [sda] Assuming drive cache: write through
[    2.195419] sd 2:0:1:0: [sdb] 20480 512-byte logical blocks: (10.5 MB/10.0 MiB)
[    2.196979] sd 2:0:1:0: [sdb] Write Protect is off
[    2.198142] sd 2:0:1:0: [sdb] Incomplete mode parameter data
[    2.199504] sd 2:0:1:0: [sdb] Assuming drive cache: write through
[    2.200714] random: systemd-udevd: uninitialized urandom read (16 bytes read)
[    2.202054] random: systemd-udevd: uninitialized urandom read (16 bytes read)
[    2.204697]  sda: sda1
[    2.206337] sd 2:0:0:0: [sda] Attached SCSI disk
[    2.208541] sd 2:0:1:0: [sdb] Attached SCSI disk
[    2.299257] e1000 0000:00:08.0 eth1: (PCI:33MHz:32-bit) 08:00:27:e3:fe:a1
[    2.301918] e1000 0000:00:08.0 eth1: Intel(R) PRO/1000 Network Connection
[    2.304153] e1000 0000:00:03.0 enp0s3: renamed from eth0
[    2.320945] e1000 0000:00:08.0 enp0s8: renamed from eth1
Begin: Loading essential drivers ... [    3.732177] raid6: sse2x1   gen() 11104 MB/s
[    3.780057] raid6: sse2x1   xor()  7791 MB/s
[    3.828365] raid6: sse2x2   gen() 14334 MB/s
[    3.876012] raid6: sse2x2   xor()  9526 MB/s
[    3.924184] raid6: sse2x4   gen() 16569 MB/s
[    3.973655] raid6: sse2x4   xor() 10721 MB/s
[    4.020171] raid6: avx2x1   gen() 23627 MB/s
[    4.068508] raid6: avx2x1   xor() 16678 MB/s
[    4.116207] raid6: avx2x2   gen() 28013 MB/s
[    4.165897] raid6: avx2x2   xor() 19368 MB/s
[    4.212254] raid6: avx2x4   gen() 29989 MB/s
[    4.260927] raid6: avx2x4   xor() 20518 MB/s
[    4.261873] raid6: using algorithm avx2x4 gen() 29989 MB/s
[    4.263491] raid6: .... xor() 20518 MB/s, rmw enabled
[    4.264501] raid6: using avx2x2 recovery algorithm
[    4.266665] xor: automatically using best checksumming function   avx       
[    4.269064] async_tx: api initialized (async)
done.
Begin: Running /scripts/init-premount ... done.
Begin: Mounting root file system ... Begin: Running /scripts/local-top ... done.
Begin: Running /scripts/local-premount ... [    4.308496] Btrfs loaded, crc32c=crc32c-intel
Scanning for Btrfs filesystems
done.
Warning: fsck not present, so skipping root file system
[    4.333003] EXT4-fs (sda1): mounted filesystem with ordered data mode. Opts: (null)
done.
Begin: Running /scripts/local-bottom ... done.
Begin: Running /scripts/init-bottom ... done.
[    4.502194] ip_tables: (C) 2000-2006 Netfilter Core Team
[    4.510782] systemd[1]: systemd 237 running in system mode. (+PAM +AUDIT +SELINUX +IMA +APPARMOR +SMACK +SYSVINIT +UTMP +LIBCRYPTSETUP +GCRYPT +GNUTLS +ACL +XZ +LZ4 +SECCOMP +BLKID +ELFUTILS +KMOD -IDN2 +IDN -PCRE2 default-hierarchy=hybrid)
[    4.514511] systemd[1]: Detected virtualization oracle.
[    4.515459] systemd[1]: Detected architecture x86-64.

Welcome to [1mUbuntu 18.04.3 LTS[0m!

[    4.521065] systemd[1]: Set hostname to <ubuntu>.
[    4.524537] systemd[1]: Initializing machine ID from random generator.
[    4.525805] systemd[1]: Installed transient /etc/machine-id file.
[    4.737630] systemd[1]: Set up automount Arbitrary Executable File Formats File System Automount Point.
[[0;32m  OK  [0m] Set up automount Arbitrary Executab…rmats File System Automount Point.
[    4.740921] systemd[1]: Reached target System Time Synchronized.
[[0;32m  OK  [0m] Reached target System Time Synchronized.
[    4.743940] systemd[1]: Created slice System Slice.
[[0;32m  OK  [0m] Created slice System Slice.
[    4.745625] systemd[1]: Listening on Network Service Netlink Socket.
[[0;32m  OK  [0m] Listening on Network Service Netlink Socket.
[[0;32m  OK  [0m] Listening on Syslog Socket.
[[0;32m  OK  [0m] Listening on Journal Socket.
         Mounting POSIX Message Queue File System...
         Starting Remount Root and Kernel File Systems...
[[0;32m  OK  [0m] Listening on LVM2 metadata daemon socket.
[[0;32m  OK  [0m] Listening on Journal Socket (/dev/log).
[[0;32m  OK  [0m] Listening on LVM2 poll daemon socket.
         Starting Uncomplicated firewall...
         Starting Set the console keyboard layout...
[[0;32m  OK  [0m] Reached target User and Group Name Lookups.
         Starting Load Kernel Modules...
[[0;32m  OK  [0m] Created slice User and Session Slice.
[[0;32m  OK  [0m] Reached target Slices.
         Mounting Huge Pages File System...
[[0;32m  OK  [0m] Listening on udev Control Socket.
[[0;32m  OK  [0m] Listening on Journal Audit Socket.
         Starting Journal Service...
         Mounting Kernel Debug File System...
[[0;32m  OK  [0m] Reached target Swap.
[[0;32m  OK  [0m] Created slice system-serial\x2dgetty.slice.
[[0;32m  OK  [0m] Listening on udev Kernel Socket.
         Starting udev Coldplug all Devices...
[[0;32m  OK  [0m] Listening on /dev/initctl Compatibility Named Pipe.
[[0;32m  OK  [0m] Started Forward Password Requests to Wall Directory Watch.
[    4.793321] Loading iSCSI transport class v2.0-870.
         Starting Create list of required st…ce nodes for the current kernel...
[[0;32m  OK  [0m] Listening on Device-mapper event daemon FIFOs.
         Starting Monitoring of LVM2 mirrors…ng dmeventd or progress polling...
[[0;32m  OK  [0m] Mounted POSIX Message Queue File System.
[[0;32m  OK  [0m] Started Uncomplicated firewall.
[[0;32m  OK  [0m] Mounted Huge Pages File System.
[[0;32m  OK  [0m] Mounted Kernel Debug File System.
[    4.805881] iscsi: registered transport (tcp)
[    4.822063] iscsi: registered transport (iser)
[    4.823582] EXT4-fs (sda1): re-mounted. Opts: (null)
[[0;32m  OK  [0m] Started Load Kernel Modules.
[[0;32m  OK  [0m] Started Remount Root and Kernel File Systems.
         Starting Load/Save Random Seed...
         Starting Apply Kernel Variables...
         Mounting Kernel Configuration File System...
         Mounting FUSE Control File System...
[[0;32m  OK  [0m] Started Journal Service.
[[0;32m  OK  [0m] Started Create list of required sta…vice nodes for the current kernel.
[[0;32m  OK  [0m] Started Load/Save Random Seed.
[[0;32m  OK  [0m] Mounted Kernel Configuration File System.
[[0;32m  OK  [0m] Mounted FUSE Control File System.
[[0;32m  OK  [0m] Started LVM2 metadata daemon.
         Starting Create Static Device Nodes in /dev...
         Starting Flush Journal to Persistent Storage...
[[0;32m  OK  [0m] Started Apply Kernel Variables.
[[0;32m  OK  [0m] Started udev Coldplug all Devices.
[[0;32m  OK  [0m] Started Create Static Device Nodes in /dev.
         Starting udev Kernel Device Manager...
[[0;32m  OK  [0m] Started Set the console keyboard layout.
[[0;32m  OK  [0m] Started Monitoring of LVM2 mirrors,…sing dmeventd or progress polling.
[[0;32m  OK  [0m] Reached target Local File Systems (Pre).
[[0;32m  OK  [0m] Reached target Local File Systems.
         Starting Tell Plymouth To Write Out Runtime Data...
         Starting AppArmor initialization...
         Starting Set console font and keymap...
         Starting Commit a transient machine-id on disk...
         Starting ebtables ruleset management...
[[0;32m  OK  [0m] Started udev Kernel Device Manager.
[[0;32m  OK  [0m] Started Dispatch Password Requests to Console Directory Watch.
[[0;32m  OK  [0m] Reached target Local Encrypted Volumes.
[[0;32m  OK  [0m] Started Flush Journal to Persistent Storage.
         Starting Create Volatile Files and Directories...
[[0;32m  OK  [0m] Started Tell Plymouth To Write Out Runtime Data.
[[0;32m  OK  [0m] Started Set console font and keymap.
[[0;32m  OK  [0m] Started Create Volatile Files and Directories.
[[0;32m  OK  [0m] Started Commit a transient machine-id on disk.
         Starting Update UTMP about System Boot/Shutdown...
[[0;32m  OK  [0m] Started Update UTMP about System Boot/Shutdown.
[[0;32m  OK  [0m] Started ebtables ruleset management.
[[0;32m  OK  [0m] Found device /dev/ttyS0.
[[0;32m  OK  [0m] Listening on Load/Save RF Kill Switch Status /dev/rfkill Watch.
[[0;32m  OK  [0m] Started AppArmor initialization.
         Starting Initial cloud-init job (pre-networking)...
[    6.965329] cloud-init[550]: Cloud-init v. 19.2-36-g059d049c-0ubuntu2~18.04.1 running 'init-local' at Wed, 04 Dec 2019 09:10:55 +0000. Up 6.58 seconds.
[[0;32m  OK  [0m] Started Initial cloud-init job (pre-networking).
[[0;32m  OK  [0m] Reached target Network (Pre).
         Starting Network Service...
[[0;32m  OK  [0m] Started Network Service.
         Starting Wait for Network to be Configured...
         Starting Network Name Resolution...
[[0;32m  OK  [0m] Started Network Name Resolution.
[[0;32m  OK  [0m] Reached target Network.
[[0;32m  OK  [0m] Reached target Host and Network Name Lookups.
[[0;32m  OK  [0m] Started Wait for Network to be Configured.
         Starting Initial cloud-init job (metadata service crawler)...
[    9.239122] cloud-init[659]: Cloud-init v. 19.2-36-g059d049c-0ubuntu2~18.04.1 running 'init' at Wed, 04 Dec 2019 09:10:57 +0000. Up 9.10 seconds.
[    9.307849] cloud-init[659]: ci-info: ++++++++++++++++++++++++++++++++++++++Net device info+++++++++++++++++++++++++++++++++++++++
[    9.309452] cloud-init[659]: ci-info: +--------+-------+----------------------------+---------------+--------+-------------------+
[    9.311407] cloud-init[659]: ci-info: | Device |   Up  |          Address           |      Mask     | Scope  |     Hw-Address    |
[    9.313448] cloud-init[659]: ci-info: +--------+-------+----------------------------+---------------+--------+-------------------+
[    9.315143] cloud-init[659]: ci-info: | enp0s3 |  True |         10.0.2.15          | 255.255.255.0 | global | 02:83:96:c1:64:f9 |
[    9.317373] cloud-init[659]: ci-info: | enp0s3 |  True | fe80::83:96ff:fec1:64f9/64 |       .       |  link  | 02:83:96:c1:64:f9 |
[    9.328397] cloud-init[659]: ci-info: | enp0s8 | False |             .              |       .       |   .    | 08:00:27:e3:fe:a1 |
[    9.331064] cloud-init[659]: ci-info: |   lo   |  True |         127.0.0.1          |   255.0.0.0   |  host  |         .         |
[    9.333728] cloud-init[659]: ci-info: |   lo   |  True |          ::1/128           |       .       |  host  |         .         |
[    9.336030] cloud-init[659]: ci-info: +--------+-------+----------------------------+---------------+--------+-------------------+
[    9.338318] cloud-init[659]: ci-info: ++++++++++++++++++++++++++++Route IPv4 info+++++++++++++++++++++++++++++
[    9.340369] cloud-init[659]: ci-info: +-------+-------------+----------+-----------------+-----------+-------+
[    9.342106] cloud-init[659]: ci-info: | Route | Destination | Gateway  |     Genmask     | Interface | Flags |
[    9.343902] cloud-init[659]: ci-info: +-------+-------------+----------+-----------------+-----------+-------+
[    9.360374] cloud-init[659]: ci-info: |   0   |   0.0.0.0   | 10.0.2.2 |     0.0.0.0     |   enp0s3  |   UG  |
[    9.361975] cloud-init[659]: ci-info: |   1   |   10.0.2.0  | 0.0.0.0  |  255.255.255.0  |   enp0s3  |   U   |
[    9.372254] cloud-init[659]: ci-info: |   2   |   10.0.2.2  | 0.0.0.0  | 255.255.255.255 |   enp0s3  |   UH  |
[    9.373544] cloud-init[659]: ci-info: +-------+-------------+----------+-----------------+-----------+-------+
[    9.374976] cloud-init[659]: ci-info: +++++++++++++++++++Route IPv6 info+++++++++++++++++++
[    9.376313] cloud-init[659]: ci-info: +-------+-------------+---------+-----------+-------+
[    9.377300] cloud-init[659]: ci-info: | Route | Destination | Gateway | Interface | Flags |
[    9.378613] cloud-init[659]: ci-info: +-------+-------------+---------+-----------+-------+
[    9.379933] cloud-init[659]: ci-info: |   1   |  fe80::/64  |    ::   |   enp0s3  |   U   |
[    9.381215] cloud-init[659]: ci-info: |   3   |    local    |    ::   |   enp0s3  |   U   |
[    9.382415] cloud-init[659]: ci-info: |   4   |   ff00::/8  |    ::   |   enp0s3  |   U   |
[    9.383592] cloud-init[659]: ci-info: +-------+-------------+---------+-----------+-------+
[   10.026182] cloud-init[659]: Generating public/private rsa key pair.
[   10.027002] cloud-init[659]: Your identification has been saved in /etc/ssh/ssh_host_rsa_key.
[   10.027813] cloud-init[659]: Your public key has been saved in /etc/ssh/ssh_host_rsa_key.pub.
[   10.028666] cloud-init[659]: The key fingerprint is:
[   10.029355] cloud-init[659]: SHA256:yxj1uoihZ+mVaCPHL+IMJI4vkKsHj0dz1Ztv+0+/gKU root@ubuntu-bionic
[   10.040310] cloud-init[659]: The key's randomart image is:
[   10.041071] cloud-init[659]: +---[RSA 2048]----+
[   10.052355] cloud-init[659]: |                 |
[   10.053233] cloud-init[659]: |                 |
[   10.064322] cloud-init[659]: |       ..        |
[   10.077229] cloud-init[659]: |      ....       |
[   10.078117] cloud-init[659]: |.o   .. So.  .   |
[   10.078908] cloud-init[659]: |O o... =oo  +    |
[   10.080053] cloud-init[659]: |+B.oB.+ +. E ..  |
[   10.080749] cloud-init[659]: |++===* . .o  ... |
[   10.081567] cloud-init[659]: |o===o.o ...o....o|
[   10.082467] cloud-init[659]: +----[SHA256]-----+
[   10.083358] cloud-init[659]: Generating public/private dsa key pair.
[   10.084593] cloud-init[659]: Your identification has been saved in /etc/ssh/ssh_host_dsa_key.
[   10.086597] cloud-init[659]: Your public key has been saved in /etc/ssh/ssh_host_dsa_key.pub.
[   10.087998] cloud-init[659]: The key fingerprint is:
[   10.088929] cloud-init[659]: SHA256:jfu27QjAsK544R1LoOzGzcNiuc1m2gMVcDnal52bdmc root@ubuntu-bionic
[   10.090376] cloud-init[659]: The key's randomart image is:
[   10.091126] cloud-init[659]: +---[DSA 1024]----+
[   10.091900] cloud-init[659]: | ....            |
[   10.092733] cloud-init[659]: |  .+             |
[   10.093402] cloud-init[659]: |  o + o .        |
[   10.094147] cloud-init[659]: | ..o * o o       |
[   10.094729] cloud-init[659]: |....o o S .      |
[[   10.104392] [0;32m  OK  [0mcloud-init] [659]: Started Initial cloud-init job (metadata service crawler).|.o..o  = o E     |

[   10.106213] cloud-init[659]: |o.*+.o. + o      |
[   10.116970] cloud-init[659]: | O*Xo    o.o     |
[[0;32m  OK  [0m] Reached target Cloud-config availability.
[[0;32m  OK  [0m] Reached target Network is Online.
[   10.123900] cloud-init[659]: |++B+o    .+oo    |
         Starting Availability of block devices...
[[0;32m  OK  [0m] Reached target Remote File Systems (Pre).
[[0;32m  OK  [0m] Reached target Remote File Systems.
[[0;32m  OK  [0m] Reached target System Initialization.
[[0;32m  OK  [0m] Listening on Open-iSCSI iscsid Socket.
[   10.142637] cloud-init[659]: +----[SHA256]-----+
[   10.180513] cloud-init[659]: Generating public/private ecdsa key pair.
[   10.181378] cloud-init[659]: Your identification has been saved in /etc/ssh/ssh_host_ecdsa_key.
[   10.193931] cloud-init[659]: Your public key has been saved in /etc/ssh/ssh_host_ecdsa_key.pub.
[   10.266653] cloud-init[659]: The key fingerprint is:
[[0;32m  OK  [0m] Started ACPI Events Check.
[   10.273628] [[0;32m  OK  [0m] Started Daily Cleanup of Temporary Directories.
[[0;32m  OK  [0m] Listening on UUID daemon activation socket.
[[0;32m  OK  [0m] Started Message of the Day.
cloud-init[659]: SHA256:1wxu9e75QUz2Sgw+CPov4XUf9QtO9erm3lcUDjI/d70 root@ubuntu-bionic
[   10.285566] cloud-init[659]: The key's randomart image is:
[   10.285612] cloud-init[659]: +---[ECDSA 256]---+
[   10.285662] cloud-init[659]: |                 |
[   10.285712] cloud-init[659]: |           o . . |
[   10.286019] cloud-init[659]: |        . . * ooo|
[   10.286061] cloud-init[659]: |       . o B *++*|
[   10.286125] cloud-init[659]: |      . S = = B=*|
[   10.286164] cloud-init[659]: |       ..o. .*oE+|
[   10.286216] cloud-init[659]: |       ..o .o.++o|
[   10.286258] cloud-init[659]: |        o.   o++o|
[   10.286308] cloud-init[659]: |         ..  =*.+|
[   10.286353] cloud-init[659]: +----[SHA256]-----+
[   10.286404] cloud-init[659]: Generating public/private ed25519 key pair.
[   10.286444] cloud-init[659]: Your identification has been saved in /etc/ssh/ssh_host_ed25519_key.
[   10.286494] cloud-init[659]: Your public key has been saved in /etc/ssh/ssh_host_ed25519_key.pub.
[   10.286532] cloud-init[659]: The key fingerprint is:
[   10.286582] cloud-init[659]: SHA256:k9U931d865nn0fir++UqnDwtagy0JFof0LvCajagAdY root@ubuntu-bionic
[   10.286622] cloud-init[659]: The key's randomart image is:
[[0;32m  OK  [0m] Listening on ACPID Listen Socket.
[   10.286739] cloud-init[659]: +--[ED25519 256]--+
[   10.301814] cloud-init[659]: |       .         |
[[   10.302520] cloud-init[659]: |      . .  . . . |
[   10.302598] cloud-init[659]: |  .    . .. . o +|
[   10.303125] cloud-init[659]: |.. E  o =o     o=|
[   10.303642] cloud-init[659]: |o    + =S+     .+|
[   10.304351] cloud-init[659]: |. . . o =.    ..=|
[   10.304866] cloud-init[659]: | o . . . o o o.=+|
[   10.305378] cloud-init[659]: |.   =     o B .++|
[0;32m  OK  [0m] Started Discard unused blocks once a week.
[   10.306248] cloud-init[659]: |   o .   ... *=+=|
[[   10.308374] cloud-init[659]: +----[SHA256]-----+
[0;32m  OK  [0m] Started Daily apt download activities.
[[0;32m  OK  [0m] Listening on D-Bus System Message Bus Socket.
         Starting LXD - unix socket.
[[0;32m  OK  [0m] Started Daily apt upgrade and clean activities.
[[0;32m  OK  [0m] Reached target Timers.
[[0;32m  OK  [0m] Reached target Paths.
         Starting Socket activation for snappy daemon.
[[0;32m  OK  [0m] Started Availability of block devices.
[[0;32m  OK  [0m] Listening on LXD - unix socket.
[[0;32m  OK  [0m] Listening on Socket activation for snappy daemon.
[[0;32m  OK  [0m] Reached target Sockets.
[[0;32m  OK  [0m] Reached target Basic System.
         Starting Permit User Sessions...
         Starting Pollinate to seed the pseudo random number generator...
[[0;32m  OK  [0m] Started irqbalance daemon.
         Starting Accounts Service...
         Starting Virtualbox guest utils...
         Starting Dispatcher daemon for systemd-networkd...
[[0;32m  OK  [0m] Started Regular background program processing daemon.
         Starting Login Service...
[[0;32m  OK  [0m] Started FUSE filesystem for LXC.
         Starting LSB: automatic crash report generation...
         Starting LSB: Record successful boot for GRUB...
         Starting System Logging Service...
         Starting Snappy daemon...
[[0;32m  OK  [0m] Started D-Bus System Message Bus.
[[0;32m  OK  [0m] Started Login Service.
[[0;32m  OK  [0m] Started Deferred execution scheduler.
[[0;32m  OK  [0m] Started Unattended Upgrades Shutdown.
         Starting LXD - container startup/shutdown...
[[0;32m  OK  [0m] Started System Logging Service.
[[0;32m  OK  [0m] Started Permit User Sessions.
         Starting Hold until boot process finishes up...
         Starting Terminate Plymouth Boot Screen...
[[0;32m  OK  [0m] Started Hold until boot process finishes up.
         Starting Set console scheme...
[[0;32m  OK  [0m] Started Serial Getty on ttyS0.
[[0;32m  OK  [0m] Started Terminate Plymouth Boot Screen.
[[0;32m  OK  [0m] Started Set console scheme.
[[0;32m  OK  [0m] Created slice system-getty.slice.
[[0;32m  OK  [0m] Started Getty on tty1.
[[0;32m  OK  [0m] Reached target Login Prompts.
[[0;32m  OK  [0m] Started LSB: automatic crash report generation.
         Starting Authorization Manager...
[[0;32m  OK  [0m] Started Dispatcher daemon for systemd-networkd.
[[0;32m  OK  [0m] Started LSB: Record successful boot for GRUB.
[[0;32m  OK  [0m] Started Authorization Manager.
[[0;32m  OK  [0m] Started Accounts Service.
[[0;32m  OK  [0m] Started Virtualbox guest utils.
[[0;32m  OK  [0m] Started LXD - container startup/shutdown.
[[0;32m  OK  [0m] Started Snappy daemon.
         Starting Wait until snapd is fully seeded...
[[0;32m  OK  [0m] Started Pollinate to seed the pseudo random number generator.
         Starting OpenBSD Secure Shell server...
[[0;32m  OK  [0m] Started OpenBSD Secure Shell server.
[[0;32m  OK  [0m] Created slice User Slice of vagrant.
         Starting User Manager for UID 1000...
[[0;32m  OK  [0m] Started Session 1 of user vagrant.
[[0;32m  OK  [0m] Started User Manager for UID 1000.
[[0;32m  OK  [0m] Started Wait until snapd is fully seeded.
         Starting Apply the settings specified in cloud-config...
[[0;32m  OK  [0m] Reached target Multi-User System.
[[0;32m  OK  [0m] Reached target Graphical Interface.
         Starting Update UTMP about System Runlevel Changes...
[[0;32m  OK  [0m] Started Update UTMP about System Runlevel Changes.
[   13.661652] cloud-init[1305]: Cloud-init v. 19.2-36-g059d049c-0ubuntu2~18.04.1 running 'modules:config' at Wed, 04 Dec 2019 09:11:02 +0000. Up 13.25 seconds.
[[0;32m  OK  [0m] Started Apply the settings specified in cloud-config.
         Starting Execute cloud user/final scripts...
ci-info: no authorized ssh keys fingerprints found for user ubuntu.
<14>Dec  4 09:11:02 ec2: 
<14>Dec  4 09:11:02 ec2: #############################################################
<14>Dec  4 09:11:02 ec2: -----BEGIN SSH HOST KEY FINGERPRINTS-----
<14>Dec  4 09:11:02 ec2: 1024 SHA256:jfu27QjAsK544R1LoOzGzcNiuc1m2gMVcDnal52bdmc root@ubuntu-bionic (DSA)
<14>Dec  4 09:11:02 ec2: 256 SHA256:1wxu9e75QUz2Sgw+CPov4XUf9QtO9erm3lcUDjI/d70 root@ubuntu-bionic (ECDSA)
<14>Dec  4 09:11:02 ec2: 256 SHA256:k9U931d865nn0fir++UqnDwtagy0JFof0LvCajagAdY root@ubuntu-bionic (ED25519)
<14>Dec  4 09:11:02 ec2: 2048 SHA256:yxj1uoihZ+mVaCPHL+IMJI4vkKsHj0dz1Ztv+0+/gKU root@ubuntu-bionic (RSA)
<14>Dec  4 09:11:02 ec2: -----END SSH HOST KEY FINGERPRINTS-----
<14>Dec  4 09:11:02 ec2: #############################################################
-----BEGIN SSH HOST KEY KEYS-----
ecdsa-sha2-nistp256 AAAAE2VjZHNhLXNoYTItbmlzdHAyNTYAAAAIbmlzdHAyNTYAAABBBBMQjotitwNWqr8uz/aKuQMBot3L9pvY6n2XLuNn5z23xVLD1fJ7BZFdzGzVLwXG5/SAE+KORTDlsP4fXtDKjFw= root@ubuntu-bionic
ssh-ed25519 AAAAC3NzaC1lZDI1NTE5AAAAIBGvnrSOoatmYE1JRmDmGldL9ETpc9F6ns+s9nUV+FVg root@ubuntu-bionic
ssh-rsa AAAAB3NzaC1yc2EAAAADAQABAAABAQDVG3+/UVl6RZMfCpsEaNXmVl+ObQ4XCDpxJU7fNrnhq0Uh4Vl/xJfvs/L3UDiYpGBJvh4eUjZw/m3c0rMEooKpPYhcgb8JPyntuSW0t9fMakmKlAPggRxV3J2bUgC760kCgNmnJH/SDkWNP1ogwJojun9F9UaMOwK9/iHY4ekiTPDHrofVYR1fh7OA69XIEJr2XITzUzhBgZUnZP1fbrbjMIPMxtIfVUXEVBDbyAjvjY2kNoa8wsgaQcu17RrRKysKquiV1kqL45DeqEMFIchMcxV6AzXdDFDTnvohUZC01GeX2PbHHPgSyusmtCAPfw2ABBRO8z+5amWJHLki7MZp root@ubuntu-bionic
-----END SSH HOST KEY KEYS-----
[   14.182754] cloud-init[1398]: Cloud-init v. 19.2-36-g059d049c-0ubuntu2~18.04.1 running 'modules:final' at Wed, 04 Dec 2019 09:11:02 +0000. Up 14.02 seconds.
[   14.185672] cloud-init[1398]: ci-info: no authorized ssh keys fingerprints found for user ubuntu.
[   14.188493] cloud-init[1398]: Cloud-init v. 19.2-36-g059d049c-0ubuntu2~18.04.1 finished at Wed, 04 Dec 2019 09:11:02 +0000. Datasource DataSourceNoCloud [seed=/dev/sdb][dsmode=net].  Up 14.17 seconds
[[0;32m  OK  [0m] Started Execute cloud user/final scripts.
[[0;32m  OK  [0m] Reached target Cloud-init target.

Ubuntu 18.04.3 LTS jenkins ttyS0

jenkins login: 